#
# There is insufficient memory for the Java Runtime Environment to continue.
# Native memory allocation (malloc) failed to allocate 1089216 bytes for Chunk::new
# Possible reasons:
#   The system is out of physical RAM or swap space
#   In 32 bit mode, the process size limit was hit
# Possible solutions:
#   Reduce memory load on the system
#   Increase physical memory or swap space
#   Check if swap backing store is full
#   Use 64 bit Java on a 64 bit OS
#   Decrease Java heap size (-Xmx/-Xms)
#   Decrease number of Java threads
#   Decrease Java thread stack sizes (-Xss)
#   Set larger code cache with -XX:ReservedCodeCacheSize=
# This output file may be truncated or incomplete.
#
#  Out of Memory Error (allocation.cpp:390), pid=12388, tid=0x0000000000001464
#
# JRE version: OpenJDK Runtime Environment (8.0_152-b01) (build 1.8.0_152-release-1248-b01)
# Java VM: OpenJDK 64-Bit Server VM (25.152-b01 mixed mode windows-amd64 compressed oops)
# Failed to write core dump. Minidumps are not enabled by default on client versions of Windows
#

---------------  T H R E A D  ---------------

Current thread (0x0000000019e1c000):  JavaThread "C2 CompilerThread1" daemon [_thread_in_native, id=5220, stack(0x000000001a4d0000,0x000000001a5d0000)]

Stack: [0x000000001a4d0000,0x000000001a5d0000]
[error occurred during error reporting (printing stack bounds), id 0xc0000005]

Native frames: (J=compiled Java code, j=interpreted, Vv=VM code, C=native code)


Current CompileTask:
C2:1627036 49417       4       com.android.tools.r8.ir.regalloc.LinearScanRegisterAllocator::allocateArgumentIntervalsWithSrc (419 bytes)


---------------  P R O C E S S  ---------------

Java Threads: ( => current thread )
  0x0000000020cbf000 JavaThread "ForkJoinPool.commonPool-worker-4" daemon [_thread_blocked, id=3124, stack(0x000000004fd20000,0x000000004fe20000)]
  0x0000000020cbc800 JavaThread "ForkJoinPool.commonPool-worker-1" daemon [_thread_blocked, id=12556, stack(0x000000004fc20000,0x000000004fd20000)]
  0x000000001bd25000 JavaThread "stdout" [_thread_in_native, id=10384, stack(0x000000004f920000,0x000000004fa20000)]
  0x000000001bd2a800 JavaThread "stderr" [_thread_in_native, id=9260, stack(0x000000004f820000,0x000000004f920000)]
  0x000000001bd22000 JavaThread "pool-65-thread-1" [_thread_blocked, id=7828, stack(0x000000004f720000,0x000000004f820000)]
  0x000000001bd26800 JavaThread "ForkJoinPool.commonPool-worker-0" daemon [_thread_blocked, id=7068, stack(0x000000004f620000,0x000000004f720000)]
  0x000000001ab72000 JavaThread "ForkJoinPool.commonPool-worker-7" daemon [_thread_blocked, id=3560, stack(0x000000004f520000,0x000000004f620000)]
  0x000000001ab76800 JavaThread "Cache worker for Build Output Cleanup Cache (F:\AndroidProjects\DMVVM\.gradle\buildOutputCleanup)" [_thread_blocked, id=10952, stack(0x000000004f420000,0x000000004f520000)]
  0x000000001ab73000 JavaThread "Cache worker for task history cache (F:\AndroidProjects\DMVVM\.gradle\4.10.1\taskHistory)" [_thread_blocked, id=1556, stack(0x000000004f320000,0x000000004f420000)]
  0x0000000026bcd800 JavaThread "Task worker for ':' Thread 5" [_thread_blocked, id=9488, stack(0x000000004f220000,0x000000004f320000)]
  0x0000000026bcc000 JavaThread "Task worker for ':' Thread 4" [_thread_blocked, id=1220, stack(0x000000004f120000,0x000000004f220000)]
  0x0000000026bca800 JavaThread "Task worker for ':' Thread 3" [_thread_blocked, id=5268, stack(0x000000004f020000,0x000000004f120000)]
  0x0000000026bcc800 JavaThread "Task worker for ':' Thread 2" [_thread_in_native, id=9168, stack(0x000000004ef20000,0x000000004f020000)]
  0x0000000026bc9800 JavaThread "Task worker for ':'" [_thread_blocked, id=9964, stack(0x000000004ee20000,0x000000004ef20000)]
  0x0000000026bc7800 JavaThread "Cache worker for file content cache (F:\AndroidProjects\DMVVM\.gradle\4.10.1\fileContent)" [_thread_blocked, id=1168, stack(0x000000004ed20000,0x000000004ee20000)]
  0x0000000026bce000 JavaThread "Build operations Thread 6" [_thread_blocked, id=2440, stack(0x000000004ec20000,0x000000004ed20000)]
  0x0000000026bc0000 JavaThread "Build operations Thread 5" [_thread_blocked, id=11492, stack(0x000000004eb20000,0x000000004ec20000)]
  0x0000000026bc6800 JavaThread "Build operations Thread 4" [_thread_blocked, id=11556, stack(0x000000004ea20000,0x000000004eb20000)]
  0x0000000026bbf000 JavaThread "Build operations Thread 3" [_thread_blocked, id=4228, stack(0x000000004e920000,0x000000004ea20000)]
  0x0000000026bc5000 JavaThread "Build operations Thread 2" [_thread_blocked, id=7328, stack(0x000000004e820000,0x000000004e920000)]
  0x0000000026bc3800 JavaThread "Build operations" [_thread_blocked, id=1020, stack(0x000000004e720000,0x000000004e820000)]
  0x0000000026bc2000 JavaThread "Cache worker for cache directory md-rule (C:\Users\Administrator\.gradle\caches\4.10.1\md-rule)" [_thread_blocked, id=5344, stack(0x000000004e620000,0x000000004e720000)]
  0x0000000026bc1800 JavaThread "Cache worker for cache directory md-supplier (C:\Users\Administrator\.gradle\caches\4.10.1\md-supplier)" [_thread_blocked, id=1324, stack(0x000000004e520000,0x000000004e620000)]
  0x0000000026bc3000 JavaThread "Cache worker for file hash cache (F:\AndroidProjects\DMVVM\.gradle\4.10.1\fileHashes)" [_thread_blocked, id=964, stack(0x000000004e420000,0x000000004e520000)]
  0x0000000026bc4800 JavaThread "Stdin handler" [_thread_blocked, id=2828, stack(0x000000004e320000,0x000000004e420000)]
  0x0000000020dfc800 JavaThread "Asynchronous log dispatcher for DefaultDaemonConnection: socket connection from /127.0.0.1:50372 to /127.0.0.1:52232" [_thread_blocked, id=5356, stack(0x000000004e220000,0x000000004e320000)]
  0x0000000020dff800 JavaThread "Cancel handler" [_thread_blocked, id=5320, stack(0x000000004e120000,0x000000004e220000)]
  0x0000000020dfb000 JavaThread "Handler for socket connection from /127.0.0.1:50372 to /127.0.0.1:52232" [_thread_in_native, id=8796, stack(0x000000004e020000,0x000000004e120000)]
  0x000000001bd2d800 JavaThread "ForkJoinPool.commonPool-worker-2" daemon [_thread_blocked, id=12460, stack(0x000000004ce20000,0x000000004cf20000)]
  0x0000000020cbf800 JavaThread "Daemon worker Thread 5" [_thread_blocked, id=5292, stack(0x000000004ba20000,0x000000004bb20000)]
  0x0000000020cb4800 JavaThread "Daemon Thread 5" [_thread_blocked, id=2792, stack(0x000000004b720000,0x000000004b820000)]
  0x0000000020cb5000 JavaThread "MarlinRenderer Disposer" daemon [_thread_blocked, id=8220, stack(0x0000000027ca0000,0x0000000027da0000)]
  0x0000000020cba800 JavaThread "Java2D Disposer" daemon [_thread_blocked, id=8916, stack(0x0000000027b20000,0x0000000027c20000)]
  0x0000000020df6000 JavaThread "Cache worker for file content cache (C:\Users\Administrator\.gradle\caches\4.10.1\fileContent)" [_thread_blocked, id=9816, stack(0x00000000254a0000,0x00000000255a0000)]
  0x0000000020df4800 JavaThread "Memory manager" [_thread_blocked, id=8244, stack(0x0000000024010000,0x0000000024110000)]
  0x0000000020df2000 JavaThread "Cache worker for Artifact transforms cache (C:\Users\Administrator\.gradle\caches\transforms-1)" [_thread_blocked, id=7404, stack(0x0000000021e60000,0x0000000021f60000)]
  0x000000001b5ac800 JavaThread "Cache worker for journal cache (C:\Users\Administrator\.gradle\caches\journal-1)" [_thread_blocked, id=7788, stack(0x000000001f320000,0x000000001f420000)]
  0x000000001c385800 JavaThread "File lock request listener" [_thread_in_native, id=4708, stack(0x000000001e050000,0x000000001e150000)]
  0x000000001c0ab000 JavaThread "Cache worker for file hash cache (C:\Users\Administrator\.gradle\caches\4.10.1\fileHashes)" [_thread_blocked, id=11084, stack(0x000000001df50000,0x000000001e050000)]
  0x000000001b9e3000 JavaThread "Daemon periodic checks" [_thread_blocked, id=10860, stack(0x000000001d450000,0x000000001d550000)]
  0x000000001b5e2000 JavaThread "Incoming local TCP Connector on port 50372" [_thread_in_native, id=11808, stack(0x000000001d2b0000,0x000000001d3b0000)]
  0x0000000019ea1000 JavaThread "Service Thread" daemon [_thread_blocked, id=9100, stack(0x000000001a6d0000,0x000000001a7d0000)]
  0x0000000019e1d800 JavaThread "C1 CompilerThread2" daemon [_thread_blocked, id=6988, stack(0x000000001a5d0000,0x000000001a6d0000)]
=>0x0000000019e1c000 JavaThread "C2 CompilerThread1" daemon [_thread_in_native, id=5220, stack(0x000000001a4d0000,0x000000001a5d0000)]
  0x0000000019e1b800 JavaThread "C2 CompilerThread0" daemon [_thread_blocked, id=13080, stack(0x000000001a3d0000,0x000000001a4d0000)]
  0x0000000019e1a000 JavaThread "Attach Listener" daemon [_thread_blocked, id=8724, stack(0x000000001a2d0000,0x000000001a3d0000)]
  0x0000000018400800 JavaThread "Signal Dispatcher" daemon [_thread_blocked, id=11728, stack(0x000000001a1d0000,0x000000001a2d0000)]
  0x000000000483b000 JavaThread "Finalizer" daemon [_thread_blocked, id=1664, stack(0x0000000019c70000,0x0000000019d70000)]
  0x00000000183ba800 JavaThread "Reference Handler" daemon [_thread_blocked, id=12928, stack(0x0000000019b70000,0x0000000019c70000)]
  0x0000000002afd800 JavaThread "main" [_thread_blocked, id=13028, stack(0x00000000042e0000,0x00000000043e0000)]

Other Threads:
  0x00000000183b6800 VMThread [stack: 0x0000000019a70000,0x0000000019b70000] [id=6788]
  0x0000000019ead000 WatcherThread [stack: 0x000000001a7d0000,0x000000001a8d0000] [id=4884]

VM state:not at safepoint (normal execution)

VM Mutex/Monitor currently owned by a thread: None

Heap:
 PSYoungGen      total 399872K, used 186542K [0x00000000e0000000, 0x00000000ff680000, 0x0000000100000000)
  eden space 292352K, 45% used [0x00000000e0000000,0x00000000e81d37a0,0x00000000f1d80000)
  from space 107520K, 49% used [0x00000000f8d80000,0x00000000fc1d8170,0x00000000ff680000)
  to   space 111104K, 0% used [0x00000000f1d80000,0x00000000f1d80000,0x00000000f8a00000)
 ParOldGen       total 731648K, used 234563K [0x00000000a0000000, 0x00000000cca80000, 0x00000000e0000000)
  object space 731648K, 32% used [0x00000000a0000000,0x00000000ae510ea8,0x00000000cca80000)
 Metaspace       used 195880K, capacity 203844K, committed 204416K, reserved 1228800K
  class space    used 22822K, capacity 24343K, committed 24448K, reserved 1048576K

Card table byte_map: [0x0000000013c00000,0x0000000013f10000] byte_map_base: 0x0000000013700000

Marking Bits: (ParMarkBitMap*) 0x00000000520a5aa0
 Begin Bits: [0x0000000014710000, 0x0000000015f10000)
 End Bits:   [0x0000000015f10000, 0x0000000017710000)

Polling page: 0x00000000001e0000

CodeCache: size=245760Kb used=87075Kb max_used=87086Kb free=158684Kb
 bounds [0x0000000004840000, 0x0000000009de0000, 0x0000000013840000]
 total_blobs=25593 nmethods=24591 adapters=912
 compilation: enabled

Compilation events (10 events):
Event: 1626.873 Thread 0x0000000019e1b800 49407       4       com.android.tools.r8.it.unimi.dsi.fastutil.ints.IntArrayList::add (29 bytes)
Event: 1626.875 Thread 0x0000000019e1b800 nmethod 49407 0x0000000006ed6390 code [0x0000000006ed64e0, 0x0000000006ed67b8]
Event: 1626.875 Thread 0x0000000019e1b800 49403       4       com.android.tools.r8.ir.conversion.JarSourceCode::addArgument (48 bytes)
Event: 1626.881 Thread 0x0000000019e1b800 nmethod 49403 0x0000000004d4bc10 code [0x0000000004d4be20, 0x0000000004d4c5b8]
Event: 1626.881 Thread 0x0000000019e1b800 49463       4       com.android.tools.r8.code.NewInstance::write (7 bytes)
Event: 1626.884 Thread 0x0000000019e1b800 nmethod 49463 0x0000000005e1c510 code [0x0000000005e1c680, 0x0000000005e1c9f8]
Event: 1626.884 Thread 0x0000000019e1b800 49397       4       com.android.tools.r8.it.unimi.dsi.fastutil.ints.IntArraySet::iterator (9 bytes)
Event: 1626.884 Thread 0x0000000019e1b800 nmethod 49397 0x0000000007504250 code [0x00000000075043a0, 0x0000000007504478]
Event: 1626.884 Thread 0x0000000019e1b800 49457       4       com.android.tools.r8.graph.JarApplicationReader::getAsmType (17 bytes)
Event: 1626.885 Thread 0x0000000019e1b800 nmethod 49457 0x00000000073cad10 code [0x00000000073cae60, 0x00000000073caf28]

GC Heap History (10 events):
Event: 1620.078 GC heap before
{Heap before GC invocations=101 (full 8):
 PSYoungGen      total 385024K, used 366583K [0x00000000e0000000, 0x0000000100000000, 0x0000000100000000)
  eden space 269312K, 100% used [0x00000000e0000000,0x00000000f0700000,0x00000000f0700000)
  from space 115712K, 84% used [0x00000000f8a80000,0x00000000fe97de28,0x00000000ffb80000)
  to   space 127488K, 0% used [0x00000000f0700000,0x00000000f0700000,0x00000000f8380000)
 ParOldGen       total 593920K, used 455126K [0x00000000a0000000, 0x00000000c4400000, 0x00000000e0000000)
  object space 593920K, 76% used [0x00000000a0000000,0x00000000bbc759d0,0x00000000c4400000)
 Metaspace       used 190627K, capacity 198372K, committed 198656K, reserved 1224704K
  class space    used 22253K, capacity 23757K, committed 23808K, reserved 1048576K
Event: 1620.099 GC heap after
Heap after GC invocations=101 (full 8):
 PSYoungGen      total 396800K, used 49047K [0x00000000e0000000, 0x00000000ffd80000, 0x0000000100000000)
  eden space 269312K, 0% used [0x00000000e0000000,0x00000000e0000000,0x00000000f0700000)
  from space 127488K, 38% used [0x00000000f0700000,0x00000000f36e5d68,0x00000000f8380000)
  to   space 120320K, 0% used [0x00000000f8800000,0x00000000f8800000,0x00000000ffd80000)
 ParOldGen       total 593920K, used 467030K [0x00000000a0000000, 0x00000000c4400000, 0x00000000e0000000)
  object space 593920K, 78% used [0x00000000a0000000,0x00000000bc815888,0x00000000c4400000)
 Metaspace       used 190627K, capacity 198372K, committed 198656K, reserved 1224704K
  class space    used 22253K, capacity 23757K, committed 23808K, reserved 1048576K
}
Event: 1622.504 GC heap before
{Heap before GC invocations=102 (full 8):
 PSYoungGen      total 396800K, used 318359K [0x00000000e0000000, 0x00000000ffd80000, 0x0000000100000000)
  eden space 269312K, 100% used [0x00000000e0000000,0x00000000f0700000,0x00000000f0700000)
  from space 127488K, 38% used [0x00000000f0700000,0x00000000f36e5d68,0x00000000f8380000)
  to   space 120320K, 0% used [0x00000000f8800000,0x00000000f8800000,0x00000000ffd80000)
 ParOldGen       total 593920K, used 467030K [0x00000000a0000000, 0x00000000c4400000, 0x00000000e0000000)
  object space 593920K, 78% used [0x00000000a0000000,0x00000000bc815888,0x00000000c4400000)
 Metaspace       used 190768K, capacity 198732K, committed 198912K, reserved 1224704K
  class space    used 22275K, capacity 23797K, committed 23808K, reserved 1048576K
Event: 1622.537 GC heap after
Heap after GC invocations=102 (full 8):
 PSYoungGen      total 380928K, used 44226K [0x00000000e0000000, 0x00000000fee00000, 0x0000000100000000)
  eden space 276480K, 0% used [0x00000000e0000000,0x00000000e0000000,0x00000000f0e00000)
  from space 104448K, 42% used [0x00000000f8800000,0x00000000fb330b58,0x00000000fee00000)
  to   space 114688K, 0% used [0x00000000f0e00000,0x00000000f0e00000,0x00000000f7e00000)
 ParOldGen       total 593920K, used 493916K [0x00000000a0000000, 0x00000000c4400000, 0x00000000e0000000)
  object space 593920K, 83% used [0x00000000a0000000,0x00000000be2572e8,0x00000000c4400000)
 Metaspace       used 190768K, capacity 198732K, committed 198912K, reserved 1224704K
  class space    used 22275K, capacity 23797K, committed 23808K, reserved 1048576K
}
Event: 1623.348 GC heap before
{Heap before GC invocations=103 (full 8):
 PSYoungGen      total 380928K, used 320706K [0x00000000e0000000, 0x00000000fee00000, 0x0000000100000000)
  eden space 276480K, 100% used [0x00000000e0000000,0x00000000f0e00000,0x00000000f0e00000)
  from space 104448K, 42% used [0x00000000f8800000,0x00000000fb330b58,0x00000000fee00000)
  to   space 114688K, 0% used [0x00000000f0e00000,0x00000000f0e00000,0x00000000f7e00000)
 ParOldGen       total 593920K, used 493916K [0x00000000a0000000, 0x00000000c4400000, 0x00000000e0000000)
  object space 593920K, 83% used [0x00000000a0000000,0x00000000be2572e8,0x00000000c4400000)
 Metaspace       used 195988K, capacity 204060K, committed 204416K, reserved 1228800K
  class space    used 22848K, capacity 24393K, committed 24448K, reserved 1048576K
Event: 1623.381 GC heap after
Heap after GC invocations=103 (full 8):
 PSYoungGen      total 391168K, used 74967K [0x00000000e0000000, 0x0000000100000000, 0x0000000100000000)
  eden space 276480K, 0% used [0x00000000e0000000,0x00000000e0000000,0x00000000f0e00000)
  from space 114688K, 65% used [0x00000000f0e00000,0x00000000f5735eb0,0x00000000f7e00000)
  to   space 117248K, 0% used [0x00000000f8d80000,0x00000000f8d80000,0x0000000100000000)
 ParOldGen       total 593920K, used 537443K [0x00000000a0000000, 0x00000000c4400000, 0x00000000e0000000)
  object space 593920K, 90% used [0x00000000a0000000,0x00000000c0cd8d98,0x00000000c4400000)
 Metaspace       used 195988K, capacity 204060K, committed 204416K, reserved 1228800K
  class space    used 22848K, capacity 24393K, committed 24448K, reserved 1048576K
}
Event: 1623.381 GC heap before
{Heap before GC invocations=104 (full 9):
 PSYoungGen      total 391168K, used 74967K [0x00000000e0000000, 0x0000000100000000, 0x0000000100000000)
  eden space 276480K, 0% used [0x00000000e0000000,0x00000000e0000000,0x00000000f0e00000)
  from space 114688K, 65% used [0x00000000f0e00000,0x00000000f5735eb0,0x00000000f7e00000)
  to   space 117248K, 0% used [0x00000000f8d80000,0x00000000f8d80000,0x0000000100000000)
 ParOldGen       total 593920K, used 537443K [0x00000000a0000000, 0x00000000c4400000, 0x00000000e0000000)
  object space 593920K, 90% used [0x00000000a0000000,0x00000000c0cd8d98,0x00000000c4400000)
 Metaspace       used 195988K, capacity 204060K, committed 204416K, reserved 1228800K
  class space    used 22848K, capacity 24393K, committed 24448K, reserved 1048576K
Event: 1623.734 GC heap after
Heap after GC invocations=104 (full 9):
 PSYoungGen      total 391168K, used 0K [0x00000000e0000000, 0x0000000100000000, 0x0000000100000000)
  eden space 276480K, 0% used [0x00000000e0000000,0x00000000e0000000,0x00000000f0e00000)
  from space 114688K, 0% used [0x00000000f0e00000,0x00000000f0e00000,0x00000000f7e00000)
  to   space 117248K, 0% used [0x00000000f8d80000,0x00000000f8d80000,0x0000000100000000)
 ParOldGen       total 731648K, used 234555K [0x00000000a0000000, 0x00000000cca80000, 0x00000000e0000000)
  object space 731648K, 32% used [0x00000000a0000000,0x00000000ae50eea8,0x00000000cca80000)
 Metaspace       used 195810K, capacity 203762K, committed 204416K, reserved 1228800K
  class space    used 22815K, capacity 24330K, committed 24448K, reserved 1048576K
}
Event: 1624.505 GC heap before
{Heap before GC invocations=105 (full 9):
 PSYoungGen      total 391168K, used 276480K [0x00000000e0000000, 0x0000000100000000, 0x0000000100000000)
  eden space 276480K, 100% used [0x00000000e0000000,0x00000000f0e00000,0x00000000f0e00000)
  from space 114688K, 0% used [0x00000000f0e00000,0x00000000f0e00000,0x00000000f7e00000)
  to   space 117248K, 0% used [0x00000000f8d80000,0x00000000f8d80000,0x0000000100000000)
 ParOldGen       total 731648K, used 234555K [0x00000000a0000000, 0x00000000cca80000, 0x00000000e0000000)
  object space 731648K, 32% used [0x00000000a0000000,0x00000000ae50eea8,0x00000000cca80000)
 Metaspace       used 195836K, capacity 203762K, committed 204416K, reserved 1228800K
  class space    used 22815K, capacity 24330K, committed 24448K, reserved 1048576K
Event: 1624.540 GC heap after
Heap after GC invocations=105 (full 9):
 PSYoungGen      total 399872K, used 53600K [0x00000000e0000000, 0x00000000ff680000, 0x0000000100000000)
  eden space 292352K, 0% used [0x00000000e0000000,0x00000000e0000000,0x00000000f1d80000)
  from space 107520K, 49% used [0x00000000f8d80000,0x00000000fc1d8170,0x00000000ff680000)
  to   space 111104K, 0% used [0x00000000f1d80000,0x00000000f1d80000,0x00000000f8a00000)
 ParOldGen       total 731648K, used 234563K [0x00000000a0000000, 0x00000000cca80000, 0x00000000e0000000)
  object space 731648K, 32% used [0x00000000a0000000,0x00000000ae510ea8,0x00000000cca80000)
 Metaspace       used 195836K, capacity 203762K, committed 204416K, reserved 1228800K
  class space    used 22815K, capacity 24330K, committed 24448K, reserved 1048576K
}

Deoptimization events (10 events):
Event: 1619.824 Thread 0x000000001bd2d800 Uncommon trap: reason=bimorphic action=maybe_recompile pc=0x0000000007018c7c method=com.google.common.collect.ImmutableMap.entrySet()Lcom/google/common/collect/ImmutableSet; @ 11
Event: 1621.522 Thread 0x0000000026bcc800 Uncommon trap: reason=unstable_if action=reinterpret pc=0x000000000996f4b8 method=org.objectweb.asm.MethodWriter.visitInsn(I)V @ 32
Event: 1621.522 Thread 0x0000000026bcc800 Uncommon trap: reason=unstable_if action=reinterpret pc=0x000000000995faf8 method=org.objectweb.asm.MethodWriter.visitMaxs(II)V @ 35
Event: 1621.523 Thread 0x0000000026bcc800 Uncommon trap: reason=unstable_if action=reinterpret pc=0x000000000997b520 method=org.objectweb.asm.MethodWriter.computeMethodInfoSize()I @ 25
Event: 1621.523 Thread 0x0000000026bcc800 Uncommon trap: reason=unstable_if action=reinterpret pc=0x0000000009981b68 method=org.objectweb.asm.MethodWriter.putMethodInfo(Lorg/objectweb/asm/ByteVector;)V @ 98
Event: 1621.525 Thread 0x0000000026bcc800 Uncommon trap: reason=unstable_if action=reinterpret pc=0x0000000009979538 method=org.objectweb.asm.MethodWriter.<init>(Lorg/objectweb/asm/SymbolTable;ILjava/lang/String;Ljava/lang/String;Ljava/lang/String;[Ljava/lang/String;I)V @ 95
Event: 1621.532 Thread 0x0000000026bcc800 Uncommon trap: reason=unstable_if action=reinterpret pc=0x000000000997685c method=org.objectweb.asm.MethodWriter.<init>(Lorg/objectweb/asm/SymbolTable;ILjava/lang/String;Ljava/lang/String;Ljava/lang/String;[Ljava/lang/String;I)V @ 95
Event: 1623.061 Thread 0x0000000026bcc800 Uncommon trap: reason=unstable_if action=reinterpret pc=0x0000000009ca8608 method=com.google.gson.stream.JsonReader.nextNonWhitespace(Z)I @ 61
Event: 1623.800 Thread 0x0000000026bcc800 Uncommon trap: reason=unstable_if action=reinterpret pc=0x0000000009ce1f78 method=android.databinding.tool.reflection.SdkUtil$ApiChecker.buildFullLookup()V @ 49
Event: 1624.307 Thread 0x0000000026bcc800 Uncommon trap: reason=unstable_if action=reinterpret pc=0x0000000005320a9c method=java.io.ObjectStreamClass.processQueue(Ljava/lang/ref/ReferenceQueue;Ljava/util/concurrent/ConcurrentMap;)V @ 6

Classes redefined (10 events):
Event: 1431.266 Thread 0x00000000183b6800 redefined class name=com.android.dx.command.dexer.Main, count=26
Event: 1431.349 Thread 0x00000000183b6800 redefined class name=java.lang.ProcessBuilder, count=42
Event: 1590.149 Thread 0x00000000183b6800 redefined class name=com.android.dx.command.dexer.Main, count=27
Event: 1590.254 Thread 0x00000000183b6800 redefined class name=java.lang.ProcessBuilder, count=43
Event: 1590.376 Thread 0x00000000183b6800 redefined class name=java.lang.ProcessBuilder, count=44
Event: 1591.075 Thread 0x00000000183b6800 redefined class name=com.android.dx.command.dexer.Main, count=28
Event: 1591.161 Thread 0x00000000183b6800 redefined class name=java.lang.ProcessBuilder, count=45
Event: 1626.164 Thread 0x00000000183b6800 redefined class name=com.android.dx.command.dexer.Main, count=29
Event: 1626.254 Thread 0x00000000183b6800 redefined class name=java.lang.ProcessBuilder, count=46
Event: 1626.387 Thread 0x00000000183b6800 redefined class name=java.lang.ProcessBuilder, count=47

Internal exceptions (10 events):
Event: 1618.789 Thread 0x0000000020cbf800 Exception <a 'java/lang/ClassNotFoundException': com/sun/org/glassfish/hk2/osgiresourcelocator/ServiceLoader> (0x00000000e77bec10) thrown at [D:\src\AOSP-openjdk-cygwin\jdk8u\hotspot\src\share\vm\classfile\systemDictionary.cpp, line 210]
Event: 1619.805 Thread 0x000000001bd2d800 Exception <a 'sun/nio/fs/WindowsException'> (0x00000000ebc83330) thrown at [D:\src\AOSP-openjdk-cygwin\jdk8u\hotspot\src\share\vm\prims\jni.cpp, line 709]
Event: 1619.805 Thread 0x000000001ab72000 Exception <a 'sun/nio/fs/WindowsException'> (0x00000000ebcbc8b0) thrown at [D:\src\AOSP-openjdk-cygwin\jdk8u\hotspot\src\share\vm\prims\jni.cpp, line 709]
Event: 1619.868 Thread 0x0000000020cbf800 Exception <a 'sun/nio/fs/WindowsException'> (0x00000000eb490170) thrown at [D:\src\AOSP-openjdk-cygwin\jdk8u\hotspot\src\share\vm\prims\jni.cpp, line 709]
Event: 1623.077 Thread 0x0000000026bcc800 Exception <a 'java/lang/ClassNotFoundException': com/sun/org/glassfish/hk2/osgiresourcelocator/ServiceLoader> (0x00000000e99c8f18) thrown at [D:\src\AOSP-openjdk-cygwin\jdk8u\hotspot\src\share\vm\classfile\systemDictionary.cpp, line 210]
Event: 1624.566 Thread 0x0000000026bcc800 Exception <a 'sun/nio/fs/WindowsException'> (0x00000000e06e83f8) thrown at [D:\src\AOSP-openjdk-cygwin\jdk8u\hotspot\src\share\vm\prims\jni.cpp, line 709]
Event: 1626.739 Thread 0x0000000020cbf000 Exception <a 'sun/nio/fs/WindowsException'> (0x00000000e6712380) thrown at [D:\src\AOSP-openjdk-cygwin\jdk8u\hotspot\src\share\vm\prims\jni.cpp, line 709]
Event: 1626.767 Thread 0x000000001ab72000 Exception <a 'sun/nio/fs/WindowsException'> (0x00000000e76d5d78) thrown at [D:\src\AOSP-openjdk-cygwin\jdk8u\hotspot\src\share\vm\prims\jni.cpp, line 709]
Event: 1626.773 Thread 0x0000000020cbf000 Exception <a 'sun/nio/fs/WindowsException'> (0x00000000e78d04a8) thrown at [D:\src\AOSP-openjdk-cygwin\jdk8u\hotspot\src\share\vm\prims\jni.cpp, line 709]
Event: 1626.849 Thread 0x000000001ab72000 Exception <a 'sun/nio/fs/WindowsException'> (0x00000000e7d4aeb0) thrown at [D:\src\AOSP-openjdk-cygwin\jdk8u\hotspot\src\share\vm\prims\jni.cpp, line 709]

Events (10 events):
Event: 1626.773 Thread 0x000000001ab72000 DEOPT PACKING pc=0x000000000499ebb6 sp=0x000000004f61e070
Event: 1626.773 Thread 0x000000001ab72000 DEOPT UNPACKING pc=0x00000000048875d0 sp=0x000000004f61de38 mode 0
Event: 1626.773 Thread 0x000000001ab72000 DEOPT PACKING pc=0x000000000873e5ff sp=0x000000004f61e190
Event: 1626.773 Thread 0x000000001ab72000 DEOPT UNPACKING pc=0x00000000048875d0 sp=0x000000004f61df70 mode 0
Event: 1626.773 Thread 0x000000001ab72000 DEOPT PACKING pc=0x0000000008753a97 sp=0x000000004f61e170
Event: 1626.773 Thread 0x000000001ab72000 DEOPT UNPACKING pc=0x00000000048875d0 sp=0x000000004f61df88 mode 0
Event: 1626.774 Thread 0x000000001ab72000 DEOPT PACKING pc=0x0000000008c0a1ab sp=0x000000004f61de60
Event: 1626.774 Thread 0x000000001ab72000 DEOPT UNPACKING pc=0x00000000048875d0 sp=0x000000004f61dc90 mode 0
Event: 1626.848 Executing VM operation: ForceSafepoint
Event: 1626.848 Executing VM operation: ForceSafepoint done


Dynamic libraries:
0x00007ff783930000 - 0x00007ff783961000 	F:\Android\Android Studio\jre\bin\java.exe
0x00007ffe6d560000 - 0x00007ffe6d740000 	C:\Windows\SYSTEM32\ntdll.dll
0x00007ffe6d480000 - 0x00007ffe6d52e000 	C:\Windows\System32\KERNEL32.DLL
0x00007ffe6a550000 - 0x00007ffe6a7b6000 	C:\Windows\System32\KERNELBASE.dll
0x00007ffe6d0b0000 - 0x00007ffe6d151000 	C:\Windows\System32\ADVAPI32.dll
0x00007ffe6d360000 - 0x00007ffe6d3fd000 	C:\Windows\System32\msvcrt.dll
0x00007ffe6d300000 - 0x00007ffe6d35b000 	C:\Windows\System32\sechost.dll
0x00007ffe6b2b0000 - 0x00007ffe6b3cf000 	C:\Windows\System32\RPCRT4.dll
0x00007ffe6ac40000 - 0x00007ffe6adce000 	C:\Windows\System32\USER32.dll
0x00007ffe6a7c0000 - 0x00007ffe6a7e0000 	C:\Windows\System32\win32u.dll
0x00007ffe6cde0000 - 0x00007ffe6ce08000 	C:\Windows\System32\GDI32.dll
0x00007ffe6a3b0000 - 0x00007ffe6a541000 	C:\Windows\System32\gdi32full.dll
0x00007ffe6a1b0000 - 0x00007ffe6a24b000 	C:\Windows\System32\msvcp_win.dll
0x00007ffe69960000 - 0x00007ffe69a56000 	C:\Windows\System32\ucrtbase.dll
0x00007ffe5c520000 - 0x00007ffe5c789000 	C:\Windows\WinSxS\amd64_microsoft.windows.common-controls_6595b64144ccf1df_6.0.16299.15_none_cc92fb402215d91d\COMCTL32.dll
0x00007ffe6af40000 - 0x00007ffe6b248000 	C:\Windows\System32\combase.dll
0x00007ffe6a7e0000 - 0x00007ffe6a852000 	C:\Windows\System32\bcryptPrimitives.dll
0x00007ffe6add0000 - 0x00007ffe6adfd000 	C:\Windows\System32\IMM32.DLL
0x00000000514c0000 - 0x0000000051592000 	F:\Android\Android Studio\jre\jre\bin\msvcr100.dll
0x00000000518e0000 - 0x0000000052121000 	F:\Android\Android Studio\jre\jre\bin\server\jvm.dll
0x00007ffe6d0a0000 - 0x00007ffe6d0a8000 	C:\Windows\System32\PSAPI.DLL
0x00007ffe4d940000 - 0x00007ffe4d949000 	C:\Windows\SYSTEM32\WSOCK32.dll
0x00007ffe67ba0000 - 0x00007ffe67bc3000 	C:\Windows\SYSTEM32\WINMM.dll
0x00007ffe5b7a0000 - 0x00007ffe5b7aa000 	C:\Windows\SYSTEM32\VERSION.dll
0x00007ffe6d400000 - 0x00007ffe6d46c000 	C:\Windows\System32\WS2_32.dll
0x00007ffe67b40000 - 0x00007ffe67b6a000 	C:\Windows\SYSTEM32\WINMMBASE.dll
0x00007ffe6a300000 - 0x00007ffe6a34a000 	C:\Windows\System32\cfgmgr32.dll
0x00007ffe66620000 - 0x00007ffe6662f000 	F:\Android\Android Studio\jre\jre\bin\verify.dll
0x00007ffe62600000 - 0x00007ffe62629000 	F:\Android\Android Studio\jre\jre\bin\java.dll
0x00007ffe627b0000 - 0x00007ffe627c6000 	F:\Android\Android Studio\jre\jre\bin\zip.dll
0x00007ffe6b3e0000 - 0x00007ffe6c817000 	C:\Windows\System32\SHELL32.dll
0x00007ffe6ce10000 - 0x00007ffe6ceb6000 	C:\Windows\System32\shcore.dll
0x00007ffe69a60000 - 0x00007ffe6a1a7000 	C:\Windows\System32\windows.storage.dll
0x00007ffe6abe0000 - 0x00007ffe6ac31000 	C:\Windows\System32\shlwapi.dll
0x00007ffe69940000 - 0x00007ffe69951000 	C:\Windows\System32\kernel.appcore.dll
0x00007ffe698d0000 - 0x00007ffe6991c000 	C:\Windows\System32\powrprof.dll
0x00007ffe698b0000 - 0x00007ffe698cb000 	C:\Windows\System32\profapi.dll
0x00007ffe60e80000 - 0x00007ffe60e9a000 	F:\Android\Android Studio\jre\jre\bin\net.dll
0x00007ffe690e0000 - 0x00007ffe69146000 	C:\Windows\system32\mswsock.dll
0x00007ffe5f4d0000 - 0x00007ffe5f4e1000 	F:\Android\Android Studio\jre\jre\bin\nio.dll
0x00007ffe657a0000 - 0x00007ffe657be000 	C:\Users\Administrator\.gradle\native\25\windows-amd64\native-platform.dll
0x00007ffe62760000 - 0x00007ffe6276d000 	F:\Android\Android Studio\jre\jre\bin\management.dll
0x00007ffe692a0000 - 0x00007ffe692b7000 	C:\Windows\SYSTEM32\CRYPTSP.dll
0x00007ffe68cf0000 - 0x00007ffe68d23000 	C:\Windows\system32\rsaenh.dll
0x00007ffe69410000 - 0x00007ffe69435000 	C:\Windows\SYSTEM32\bcrypt.dll
0x00007ffe697b0000 - 0x00007ffe697d9000 	C:\Windows\SYSTEM32\USERENV.dll
0x00007ffe692c0000 - 0x00007ffe692cb000 	C:\Windows\SYSTEM32\CRYPTBASE.dll
0x00007ffe68e70000 - 0x00007ffe68ea9000 	C:\Windows\SYSTEM32\IPHLPAPI.DLL
0x00007ffe6b3d0000 - 0x00007ffe6b3d8000 	C:\Windows\System32\NSI.dll
0x00007ffe647d0000 - 0x00007ffe647e6000 	C:\Windows\SYSTEM32\dhcpcsvc6.DLL
0x00007ffe647b0000 - 0x00007ffe647ca000 	C:\Windows\SYSTEM32\dhcpcsvc.DLL
0x00007ffe62830000 - 0x00007ffe62846000 	C:\Windows\system32\napinsp.dll
0x00007ffe5a3f0000 - 0x00007ffe5a40a000 	C:\Windows\system32\pnrpnsp.dll
0x00007ffe66560000 - 0x00007ffe66578000 	C:\Windows\system32\NLAapi.dll
0x00007ffe68eb0000 - 0x00007ffe68f66000 	C:\Windows\SYSTEM32\DNSAPI.dll
0x00007ffe668d0000 - 0x00007ffe668de000 	C:\Windows\System32\winrnr.dll
0x00007ffe630c0000 - 0x00007ffe630ca000 	C:\Windows\System32\rasadhlp.dll
0x00007ffe644a0000 - 0x00007ffe64510000 	C:\Windows\System32\fwpuclnt.dll
0x00007ffe5de90000 - 0x00007ffe5e027000 	F:\Android\Android Studio\jre\jre\bin\awt.dll
0x00007ffe6cfd0000 - 0x00007ffe6d095000 	C:\Windows\System32\OLEAUT32.dll
0x00007ffe67030000 - 0x00007ffe675e8000 	C:\Windows\SYSTEM32\d2d1.dll
0x00007ffe6a860000 - 0x00007ffe6aa2e000 	C:\Windows\System32\CRYPT32.dll
0x00007ffe69920000 - 0x00007ffe69932000 	C:\Windows\System32\MSASN1.dll
0x00007ffe67e40000 - 0x00007ffe67ec7000 	C:\Windows\SYSTEM32\apphelp.dll
0x00007ffe68160000 - 0x00007ffe6818a000 	C:\Windows\system32\DWMAPI.DLL
0x00007ffe68090000 - 0x00007ffe68125000 	C:\Windows\system32\uxtheme.dll
0x00007ffe627a0000 - 0x00007ffe627a9000 	F:\Android\Android Studio\jre\jre\bin\attach.dll
0x00007ffe5af50000 - 0x00007ffe5af73000 	F:\Android\Android Studio\jre\jre\bin\instrument.dll

VM Arguments:
jvm_args: -Xmx1536m -Dfile.encoding=GBK -Duser.country=CN -Duser.language=zh -Duser.variant 
java_command: org.gradle.launcher.daemon.bootstrap.GradleDaemon 4.10.1
java_class_path (initial): C:\Users\Administrator\.gradle\wrapper\dists\gradle-4.10.1-all\455itskqi2qtf0v2sja68alqd\gradle-4.10.1\lib\gradle-launcher-4.10.1.jar
Launcher Type: SUN_STANDARD

Environment Variables:
JAVA_HOME=C:\Program Files\Java\jre1.8.0_201
CLASSPATH=.;C:\Program Files\Java\jre1.8.0_201\lib;C:\Program Files\Java\jre1.8.0_201\lib\tools.jar
PATH=C:\Windows\system32;C:\Windows;C:\Windows\System32\Wbem;C:\Windows\System32\WindowsPowerShell\v1.0\;C:\Program Files\IDM Computer Solutions\UltraEdit;F:\Android\Git\cmd;";C:\Program Files\Java\jre1.8.0_201\bin;C:\Program Files\Java\jre1.8.0_201\jre\bin;";C:\Program Files (x86)\Common Files\Oracle\Java\javapath;C:\Users\Administrator\AppData\Local\Microsoft\WindowsApps;
USERNAME=Administrator
OS=Windows_NT
PROCESSOR_IDENTIFIER=Intel64 Family 6 Model 158 Stepping 10, GenuineIntel



---------------  S Y S T E M  ---------------

OS: Windows 10.0 , 64 bit Build 16299 (10.0.16299.15)

CPU:total 6 (initial active 6) (6 cores per cpu, 1 threads per core) family 6 model 158 stepping 10, cmov, cx8, fxsr, mmx, sse, sse2, sse3, ssse3, sse4.1, sse4.2, popcnt, avx, avx2, aes, clmul, erms, 3dnowpref, lzcnt, tsc, tscinvbit, bmi1, bmi2, adx

Memory: 4k page, physical 16635368k(1274448k free), swap 16635368k(4672k free)

vm_info: OpenJDK 64-Bit Server VM (25.152-b01) for windows-amd64 JRE (1.8.0_152-release-1248-b01), built by "builder" with MS VC++ 10.0 (VS2010)

time: Sun Mar 24 15:06:24 2019
elapsed time: 1626 seconds (0d 0h 27m 6s)

